This is pdfTeX, Version 3.1415926-2.5-1.40.14 (TeX Live 2013/Debian) (format=pdflatex 2014.10.23)  5 AUG 2015 09:19
entering extended mode
 restricted \write18 enabled.
 %&-line parsing enabled.
**report.tex
(./report.tex
LaTeX2e <2011/06/27>
Babel <3.9h> and hyphenation patterns for 78 languages loaded.
(/usr/share/texlive/texmf-dist/tex/latex/base/article.cls
Document Class: article 2007/10/19 v1.4h Standard LaTeX document class
(/usr/share/texlive/texmf-dist/tex/latex/base/size12.clo
File: size12.clo 2007/10/19 v1.4h Standard LaTeX file (size option)
)
\c@part=\count79
\c@section=\count80
\c@subsection=\count81
\c@subsubsection=\count82
\c@paragraph=\count83
\c@subparagraph=\count84
\c@figure=\count85
\c@table=\count86
\abovecaptionskip=\skip41
\belowcaptionskip=\skip42
\bibindent=\dimen102
)
(/usr/share/texlive/texmf-dist/tex/latex/was/gensymb.sty
Package: gensymb 2003/07/02 v1.0 (WaS)
)
(/usr/share/texlive/texmf-dist/tex/generic/babel/babel.sty
Package: babel 2013/12/03 3.9h The Babel package

(/usr/share/texlive/texmf-dist/tex/generic/babel-english/english.ldf
Language: english 2012/08/20 v3.3p English support from the babel system

(/usr/share/texlive/texmf-dist/tex/generic/babel/babel.def
File: babel.def 2013/12/03 3.9h Babel common definitions
\babel@savecnt=\count87
\U@D=\dimen103
)
\l@canadian = a dialect from \language\l@american 
\l@australian = a dialect from \language\l@british 
\l@newzealand = a dialect from \language\l@british 
))
(/usr/share/texlive/texmf-dist/tex/latex/graphics/graphicx.sty
Package: graphicx 1999/02/16 v1.0f Enhanced LaTeX Graphics (DPC,SPQR)

(/usr/share/texlive/texmf-dist/tex/latex/graphics/keyval.sty
Package: keyval 1999/03/16 v1.13 key=value parser (DPC)
\KV@toks@=\toks14
)
(/usr/share/texlive/texmf-dist/tex/latex/graphics/graphics.sty
Package: graphics 2009/02/05 v1.0o Standard LaTeX Graphics (DPC,SPQR)

(/usr/share/texlive/texmf-dist/tex/latex/graphics/trig.sty
Package: trig 1999/03/16 v1.09 sin cos tan (DPC)
)
(/usr/share/texlive/texmf-dist/tex/latex/latexconfig/graphics.cfg
File: graphics.cfg 2010/04/23 v1.9 graphics configuration of TeX Live
)
Package graphics Info: Driver file: pdftex.def on input line 91.

(/usr/share/texlive/texmf-dist/tex/latex/pdftex-def/pdftex.def
File: pdftex.def 2011/05/27 v0.06d Graphics/color for pdfTeX

(/usr/share/texlive/texmf-dist/tex/generic/oberdiek/infwarerr.sty
Package: infwarerr 2010/04/08 v1.3 Providing info/warning/error messages (HO)
)
(/usr/share/texlive/texmf-dist/tex/generic/oberdiek/ltxcmds.sty
Package: ltxcmds 2011/11/09 v1.22 LaTeX kernel commands for general use (HO)
)
\Gread@gobject=\count88
))
\Gin@req@height=\dimen104
\Gin@req@width=\dimen105
)
(/usr/share/texlive/texmf-dist/tex/latex/colortbl/colortbl.sty
Package: colortbl 2012/02/13 v1.0a Color table columns (DPC)

(/usr/share/texlive/texmf-dist/tex/latex/tools/array.sty
Package: array 2008/09/09 v2.4c Tabular extension package (FMi)
\col@sep=\dimen106
\extrarowheight=\dimen107
\NC@list=\toks15
\extratabsurround=\skip43
\backup@length=\skip44
)
(/usr/share/texlive/texmf-dist/tex/latex/graphics/color.sty
Package: color 2005/11/14 v1.0j Standard LaTeX Color (DPC)

(/usr/share/texlive/texmf-dist/tex/latex/latexconfig/color.cfg
File: color.cfg 2007/01/18 v1.5 color configuration of teTeX/TeXLive
)
Package color Info: Driver file: pdftex.def on input line 130.
)
\everycr=\toks16
\minrowclearance=\skip45
)
(/usr/share/texlive/texmf-dist/tex/latex/booktabs/booktabs.sty
Package: booktabs 2005/04/14 v1.61803 publication quality tables
\heavyrulewidth=\dimen108
\lightrulewidth=\dimen109
\cmidrulewidth=\dimen110
\belowrulesep=\dimen111
\belowbottomsep=\dimen112
\aboverulesep=\dimen113
\abovetopsep=\dimen114
\cmidrulesep=\dimen115
\cmidrulekern=\dimen116
\defaultaddspace=\dimen117
\@cmidla=\count89
\@cmidlb=\count90
\@aboverulesep=\dimen118
\@belowrulesep=\dimen119
\@thisruleclass=\count91
\@lastruleclass=\count92
\@thisrulewidth=\dimen120
)
(/usr/share/texlive/texmf-dist/tex/latex/caption/caption.sty
Package: caption 2013/05/02 v3.3-89 Customizing captions (AR)

(/usr/share/texlive/texmf-dist/tex/latex/caption/caption3.sty
Package: caption3 2013/05/02 v1.6-88 caption3 kernel (AR)
Package caption3 Info: TeX engine: e-TeX on input line 57.
\captionmargin=\dimen121
\captionmargin@=\dimen122
\captionwidth=\dimen123
\caption@tempdima=\dimen124
\caption@indent=\dimen125
\caption@parindent=\dimen126
\caption@hangindent=\dimen127
)
\c@ContinuedFloat=\count93
) (./report.aux)
\openout1 = `report.aux'.

LaTeX Font Info:    Checking defaults for OML/cmm/m/it on input line 13.
LaTeX Font Info:    ... okay on input line 13.
LaTeX Font Info:    Checking defaults for T1/cmr/m/n on input line 13.
LaTeX Font Info:    ... okay on input line 13.
LaTeX Font Info:    Checking defaults for OT1/cmr/m/n on input line 13.
LaTeX Font Info:    ... okay on input line 13.
LaTeX Font Info:    Checking defaults for OMS/cmsy/m/n on input line 13.
LaTeX Font Info:    ... okay on input line 13.
LaTeX Font Info:    Checking defaults for OMX/cmex/m/n on input line 13.
LaTeX Font Info:    ... okay on input line 13.
LaTeX Font Info:    Checking defaults for U/cmr/m/n on input line 13.
LaTeX Font Info:    ... okay on input line 13.
LaTeX Info: Redefining \celsius on input line 13.
Package gensymb Info: Faking symbols for \degree and \celsius on input line 13.



Package gensymb Warning: Not defining \perthousand.

LaTeX Info: Redefining \ohm on input line 13.
Package gensymb Info: Using \Omega for \ohm on input line 13.

Package gensymb Warning: Not defining \micro.

(/usr/share/texlive/texmf-dist/tex/context/base/supp-pdf.mkii
[Loading MPS to PDF converter (version 2006.09.02).]
\scratchcounter=\count94
\scratchdimen=\dimen128
\scratchbox=\box26
\nofMPsegments=\count95
\nofMParguments=\count96
\everyMPshowfont=\toks17
\MPscratchCnt=\count97
\MPscratchDim=\dimen129
\MPnumerator=\count98
\makeMPintoPDFobject=\count99
\everyMPtoPDFconversion=\toks18
) (/usr/share/texlive/texmf-dist/tex/generic/oberdiek/pdftexcmds.sty
Package: pdftexcmds 2011/11/29 v0.20 Utility functions of pdfTeX for LuaTeX (HO
)

(/usr/share/texlive/texmf-dist/tex/generic/oberdiek/ifluatex.sty
Package: ifluatex 2010/03/01 v1.3 Provides the ifluatex switch (HO)
Package ifluatex Info: LuaTeX not detected.
)
(/usr/share/texlive/texmf-dist/tex/generic/oberdiek/ifpdf.sty
Package: ifpdf 2011/01/30 v2.3 Provides the ifpdf switch (HO)
Package ifpdf Info: pdfTeX in PDF mode is detected.
)
Package pdftexcmds Info: LuaTeX not detected.
Package pdftexcmds Info: \pdf@primitive is available.
Package pdftexcmds Info: \pdf@ifprimitive is available.
Package pdftexcmds Info: \pdfdraftmode found.
)
(/usr/share/texlive/texmf-dist/tex/latex/oberdiek/epstopdf-base.sty
Package: epstopdf-base 2010/02/09 v2.5 Base part for package epstopdf

(/usr/share/texlive/texmf-dist/tex/latex/oberdiek/grfext.sty
Package: grfext 2010/08/19 v1.1 Manage graphics extensions (HO)

(/usr/share/texlive/texmf-dist/tex/generic/oberdiek/kvdefinekeys.sty
Package: kvdefinekeys 2011/04/07 v1.3 Define keys (HO)
))
(/usr/share/texlive/texmf-dist/tex/latex/oberdiek/kvoptions.sty
Package: kvoptions 2011/06/30 v3.11 Key value format for package options (HO)

(/usr/share/texlive/texmf-dist/tex/generic/oberdiek/kvsetkeys.sty
Package: kvsetkeys 2012/04/25 v1.16 Key value parser (HO)

(/usr/share/texlive/texmf-dist/tex/generic/oberdiek/etexcmds.sty
Package: etexcmds 2011/02/16 v1.5 Avoid name clashes with e-TeX commands (HO)
Package etexcmds Info: Could not find \expanded.
(etexcmds)             That can mean that you are not using pdfTeX 1.50 or
(etexcmds)             that some package has redefined \expanded.
(etexcmds)             In the latter case, load this package earlier.
)))
Package grfext Info: Graphics extension search list:
(grfext)             [.png,.pdf,.jpg,.mps,.jpeg,.jbig2,.jb2,.PNG,.PDF,.JPG,.JPE
G,.JBIG2,.JB2,.eps]
(grfext)             \AppendGraphicsExtensions on input line 452.

(/usr/share/texlive/texmf-dist/tex/latex/latexconfig/epstopdf-sys.cfg
File: epstopdf-sys.cfg 2010/07/13 v1.3 Configuration of (r)epstopdf for TeX Liv
e
))
Package caption Info: Begin \AtBeginDocument code.
Package caption Info: End \AtBeginDocument code.

<nc_b4.pdf, id=1, 569.12625pt x 387.4475pt>
File: nc_b4.pdf Graphic file (type pdf)
 <use nc_b4.pdf>
Package pdftex.def Info: nc_b4.pdf used on input line 16.
(pdftex.def)             Requested size: 390.0pt x 265.51225pt.

<nc.pdf, id=2, 569.12625pt x 344.28625pt>
File: nc.pdf Graphic file (type pdf)
 <use nc.pdf>
Package pdftex.def Info: nc.pdf used on input line 21.
(pdftex.def)             Requested size: 390.0pt x 235.93446pt.

<ncoa_b4.pdf, id=3, 569.12625pt x 387.4475pt>
File: ncoa_b4.pdf Graphic file (type pdf)
 <use ncoa_b4.pdf>
Package pdftex.def Info: ncoa_b4.pdf used on input line 26.
(pdftex.def)             Requested size: 390.0pt x 265.51225pt.

<ncoa.pdf, id=4, 569.12625pt x 344.28625pt>
File: ncoa.pdf Graphic file (type pdf)
 <use ncoa.pdf>
Package pdftex.def Info: ncoa.pdf used on input line 31.
(pdftex.def)             Requested size: 390.0pt x 235.93446pt.

<nm_b4.pdf, id=5, 569.12625pt x 387.4475pt>
File: nm_b4.pdf Graphic file (type pdf)
 <use nm_b4.pdf>
Package pdftex.def Info: nm_b4.pdf used on input line 36.
(pdftex.def)             Requested size: 390.0pt x 265.51225pt.

<nm.pdf, id=6, 569.12625pt x 344.28625pt>
File: nm.pdf Graphic file (type pdf)
 <use nm.pdf>
Package pdftex.def Info: nm.pdf used on input line 41.
(pdftex.def)             Requested size: 390.0pt x 235.93446pt.

<oa_b4.pdf, id=7, 569.12625pt x 387.4475pt>
File: oa_b4.pdf Graphic file (type pdf)
 <use oa_b4.pdf>
Package pdftex.def Info: oa_b4.pdf used on input line 46.
(pdftex.def)             Requested size: 390.0pt x 265.51225pt.

<eff_no_oa.pdf, id=8, 569.12625pt x 344.28625pt>
File: eff_no_oa.pdf Graphic file (type pdf)
 <use eff_no_oa.pdf>
Package pdftex.def Info: eff_no_oa.pdf used on input line 51.
(pdftex.def)             Requested size: 390.0pt x 235.93446pt.

<eff_oa.pdf, id=9, 569.12625pt x 344.28625pt>
File: eff_oa.pdf Graphic file (type pdf)
 <use eff_oa.pdf>
Package pdftex.def Info: eff_oa.pdf used on input line 56.
(pdftex.def)             Requested size: 390.0pt x 235.93446pt.
LaTeX Font Info:    External font `cmex10' loaded for size
(Font)              <12> on input line 57.
LaTeX Font Info:    External font `cmex10' loaded for size
(Font)              <8> on input line 57.
LaTeX Font Info:    External font `cmex10' loaded for size
(Font)              <6> on input line 57.

<Asym/Theta_h1_b4.pdf, id=10, 569.12625pt x 387.4475pt>
File: Asym/Theta_h1_b4.pdf Graphic file (type pdf)

<use Asym/Theta_h1_b4.pdf>
Package pdftex.def Info: Asym/Theta_h1_b4.pdf used on input line 61.
(pdftex.def)             Requested size: 390.0pt x 265.51225pt.

<Asym/Theta_h0_b4.pdf, id=11, 569.12625pt x 387.4475pt>
File: Asym/Theta_h0_b4.pdf Graphic file (type pdf)

<use Asym/Theta_h0_b4.pdf>
Package pdftex.def Info: Asym/Theta_h0_b4.pdf used on input line 66.
(pdftex.def)             Requested size: 390.0pt x 265.51225pt.

<Asym/theta_asym.pdf, id=12, 569.12625pt x 344.28625pt>
File: Asym/theta_asym.pdf Graphic file (type pdf)

<use Asym/theta_asym.pdf>
Package pdftex.def Info: Asym/theta_asym.pdf used on input line 71.
(pdftex.def)             Requested size: 390.0pt x 235.93446pt.

<Asym/Phi_h1_b4.pdf, id=13, 569.12625pt x 387.4475pt>
File: Asym/Phi_h1_b4.pdf Graphic file (type pdf)
 <use Asym/Phi_h1_b4.pdf>
Package pdftex.def Info: Asym/Phi_h1_b4.pdf used on input line 76.
(pdftex.def)             Requested size: 390.0pt x 265.51225pt.

<Asym/Phi_h0_b4.pdf, id=14, 569.12625pt x 387.4475pt>
File: Asym/Phi_h0_b4.pdf Graphic file (type pdf)
 <use Asym/Phi_h0_b4.pdf>
Package pdftex.def Info: Asym/Phi_h0_b4.pdf used on input line 81.
(pdftex.def)             Requested size: 390.0pt x 265.51225pt.

<Asym/phi_asym.pdf, id=15, 569.12625pt x 344.28625pt>
File: Asym/phi_asym.pdf Graphic file (type pdf)
 <use Asym/phi_asym.pdf>
Package pdftex.def Info: Asym/phi_asym.pdf used on input line 86.
(pdftex.def)             Requested size: 390.0pt x 235.93446pt.

<Asym/phi_asym_thetacut.pdf, id=16, 569.12625pt x 344.28625pt>
File: Asym/phi_asym_thetacut.pdf Graphic file (type pdf)

<use Asym/phi_asym_thetacut.pdf>
Package pdftex.def Info: Asym/phi_asym_thetacut.pdf used on input line 91.
(pdftex.def)             Requested size: 390.0pt x 235.93446pt.
 [1{/var/lib/texmf/fonts/map/pdftex/updmap/pdftex.map} <./nc_b4.pdf, page is ro
tated 90 degrees> <./nc.pdf, page is rotated 90 degrees>] [2 <./ncoa_b4.pdf, pa
ge is rotated 90 degrees> <./ncoa.pdf, page is rotated 90 degrees>] [3 <./nm_b4
.pdf, page is rotated 90 degrees> <./nm.pdf, page is rotated 90 degrees>] [4 <.
/oa_b4.pdf, page is rotated 90 degrees> <./eff_no_oa.pdf, page is rotated 90 de
grees>] [5 <./eff_oa.pdf, page is rotated 90 degrees> <./Asym/Theta_h1_b4.pdf, 
page is rotated 90 degrees>] [6 <./Asym/Theta_h0_b4.pdf, page is rotated 90 deg
rees> <./Asym/theta_asym.pdf, page is rotated 90 degrees>] [7 <./Asym/Phi_h1_b4
.pdf, page is rotated 90 degrees>] [8 <./Asym/Phi_h0_b4.pdf, page is rotated 90
 degrees> <./Asym/phi_asym.pdf, page is rotated 90 degrees>] [9 <./Asym/phi_asy
m_thetacut.pdf, page is rotated 90 degrees>]
(./report.aux) ) 
Here is how much of TeX's memory you used:
 3232 strings out of 493304
 49521 string characters out of 6139870
 115379 words of memory out of 5000000
 6650 multiletter control sequences out of 15000+600000
 6376 words of font info for 23 fonts, out of 8000000 for 9000
 957 hyphenation exceptions out of 8191
 38i,6n,38p,304b,320s stack positions out of 5000i,500n,10000p,200000b,80000s
</usr/share/texlive/texmf-dist/fonts/type1/public/amsfonts/cm/c
mmi12.pfb></usr/share/texlive/texmf-dist/fonts/type1/public/amsfonts/cm/cmr12.p
fb></usr/share/texlive/texmf-dist/fonts/type1/public/amsfonts/cm/cmsy8.pfb>
Output written on report.pdf (9 pages, 477021 bytes).
PDF statistics:
 753 PDF objects out of 1000 (max. 8388607)
 319 compressed objects within 4 object streams
 0 named destinations out of 1000 (max. 500000)
 81 words of extra memory for PDF output out of 10000 (max. 10000000)

